<!DOCTYPE suite SYSTEM "http://testng.org/testng-1.0.dtd" >
<suite name="MODEL basic unit tests" verbose="1">
    <test name="Basic unit tests">
        <groups>
            <run>
                <include name="model" />
            </run>
        </groups>
        <packages>
            <package name="com.abiquo.model.util.*" />
            <package name="com.abiquo.model.transport.*" />
            <package name="com.abiquo.server.core.*" />
        </packages>
    </test>
</suite>